<?xml version="1.0" encoding="UTF-8"?>
<!-- Generated by org.testng.reporters.JUnitReportReporter -->
<testsuite hostname="LAPTOP-D8OCJ5DE" failures="0" tests="3" name="Testcases.AdminLogin" time="3.600" errors="0" timestamp="2022-09-16T10:33:09 IST" skipped="0">
  <testcase classname="Testcases.AdminLogin" name="VerifyHindiLanguage" time="0.797"/>
  <system-out/>
  <testcase classname="Testcases.AdminLogin" name="VerifyEnglishLanguage" time="0.647"/>
  <system-out/>
  <testcase classname="Testcases.AdminLogin" name="SuperAdminLogin" time="2.156"/>
  <system-out/>
</testsuite> <!-- Testcases.AdminLogin -->
