<?xml version="1.0" encoding="UTF-8"?>
<!-- Generated by org.testng.reporters.JUnitReportReporter -->
<testsuite hostname="LAPTOP-D8OCJ5DE" failures="0" tests="3" name="Testcases.addOrganisation" time="38.496" errors="0" timestamp="2022-09-19T16:22:52 IST" skipped="0">
  <testcase classname="Testcases.addOrganisation" name="SuperAdminLogin" time="1.758"/>
  <system-out/>
  <testcase classname="Testcases.addOrganisation" name="verifyaddOrganisation" time="11.612"/>
  <system-out/>
  <testcase classname="Testcases.addOrganisation" name="verifyOrgMail" time="25.126"/>
  <system-out/>
</testsuite> <!-- Testcases.addOrganisation -->
