<?xml version="1.0" encoding="UTF-8"?>
<!-- Generated by org.testng.reporters.JUnitReportReporter -->
<testsuite hostname="LAPTOP-D8OCJ5DE" failures="0" tests="3" name="Testcases.addProgram" time="4.172" errors="0" timestamp="2022-09-20T11:20:12 IST" skipped="0">
  <testcase classname="Testcases.addProgram" name="SuperAdminLogin" time="1.929"/>
  <system-out/>
  <testcase classname="Testcases.addProgram" name="addProgram" time="1.591"/>
  <system-out/>
  <testcase classname="Testcases.addProgram" name="addprogramtimedriver" time="0.652"/>
  <system-out/>
</testsuite> <!-- Testcases.addProgram -->
