<?xml version="1.0" encoding="UTF-8"?>
<!-- Generated by org.testng.reporters.JUnitReportReporter -->
<testsuite hostname="LAPTOP-D8OCJ5DE" failures="0" tests="2" name="Testcases.addSubAdmin" time="7.583" errors="0" timestamp="2022-09-19T16:30:31 IST" skipped="0">
  <testcase classname="Testcases.addSubAdmin" name="SuperAdminLogin" time="1.759"/>
  <system-out/>
  <testcase classname="Testcases.addSubAdmin" name="AddsubAdmin" time="5.824"/>
  <system-out/>
</testsuite> <!-- Testcases.addSubAdmin -->
