<?xml version="1.0" encoding="UTF-8"?>
<!-- Generated by org.testng.reporters.JUnitReportReporter -->
<testsuite hostname="LAPTOP-D8OCJ5DE" failures="0" tests="2" name="Testcases.AddUser" time="4.986" errors="0" timestamp="2022-09-20T13:41:13 IST" skipped="0">
  <testcase classname="Testcases.AddUser" name="PortalLogin" time="1.469"/>
  <system-out/>
  <testcase classname="Testcases.AddUser" name="verifyuser" time="3.517"/>
  <system-out/>
</testsuite> <!-- Testcases.AddUser -->
